<?xml version="1.0" encoding="UTF-8"?>
<beans xmlns="http://www.springframework.org/schema/beans"
       xmlns:xsi="http://www.w3.org/2001/XMLSchema-instance"
       xsi:schemaLocation="http://www.springframework.org/schema/beans http://www.springframework.org/schema/beans/spring-beans.xsd">

    <bean id="numberStyleFormatter" class="org.springframework.format.number.NumberStyleFormatter"/>

    <bean id="bankAccountValidator" class="com.epam.brest.webapp.validator.BankAccountValidator" />

    <bean id="bankAccountFilterDtoValidator" class="com.epam.brest.webapp.validator.BankAccountFilterDtoValidator"/>

    <bean id="creditCardTransactionDtoValidator" class="com.epam.brest.webapp.validator.CreditCardTransactionDtoValidator">
        <constructor-arg name="bankDataGenerator" ref="simpleBankDataGenerator" />
        <constructor-arg name="numberStyleFormatter" ref="numberStyleFormatter" />
    </bean>

    <bean id="creditCardDateRangeDtoValidator" class="com.epam.brest.webapp.validator.CreditCardDateRangeDtoValidator" />

    <bean id="simpleBankDataGenerator" class="com.epam.brest.generator.impl.SimpleBankDataGenerator" />

    <bean id="propertySourcesPlaceholderConfigurer"
          class="org.springframework.context.support.PropertySourcesPlaceholderConfigurer">
        <property name="locations">
            <list>
                <value>classpath:controller.properties</value>
                <value>classpath:regexp.properties</value>
            </list>
        </property>
    </bean>

</beans>