<?xml version="1.0" encoding="UTF-8"?>
<beans xmlns="http://www.springframework.org/schema/beans"
       xmlns:xsi="http://www.w3.org/2001/XMLSchema-instance"
       xsi:schemaLocation="http://www.springframework.org/schema/beans http://www.springframework.org/schema/beans/spring-beans.xsd">

    <import resource="classpath*:bank-data-generator.xml"/>

    <bean id="bankAccountValidator" class="com.epam.brest.validator.BankAccountValidator" />

    <bean id="creditCardTransactionDtoValidator" class="com.epam.brest.validator.CreditCardTransactionDtoValidator">
        <constructor-arg name="bankDataGenerator" ref="simpleBankDataGenerator" />
    </bean>

</beans>